\BOOKMARK [1][-]{section.1}{METRYKI}{}% 1
\BOOKMARK [2][-]{subsection.1.1}{METRYKA}{section.1}% 2
\BOOKMARK [2][-]{subsection.1.2}{KULA}{section.1}% 3
\BOOKMARK [2][-]{subsection.1.3}{ZBIEZNOSC}{section.1}% 4
\BOOKMARK [2][-]{subsection.1.4}{ZBIORY OTWARTE}{section.1}% 5
\BOOKMARK [2][-]{subsection.1.5}{ZBIORY DOMKNIETE}{section.1}% 6
\BOOKMARK [1][-]{section.2}{PODPRZESTRZENIE METRYCZNE}{}% 7
\BOOKMARK [2][-]{subsection.2.1}{PODPRZESTRZEN METRYCZNA}{section.2}% 8
\BOOKMARK [2][-]{subsection.2.2}{FUNKCJA CIAG\225A}{section.2}% 9
\BOOKMARK [1][-]{section.3}{LEMAT URYSOHNA}{}% 10
\BOOKMARK [2][-]{subsection.3.1}{PRZESTRZEN NORMALNA}{section.3}% 11
\BOOKMARK [2][-]{subsection.3.2}{LEMAT URYSOHNA}{section.3}% 12
\BOOKMARK [2][-]{subsection.3.3}{TWIERDZENIE TIETZEGO}{section.3}% 13
\BOOKMARK [1][-]{section.4}{ROZMAITOSCI}{}% 14
\BOOKMARK [2][-]{subsection.4.1}{RELACJA R\323WNOWAZNOSCI}{section.4}% 15
\BOOKMARK [2][-]{subsection.4.2}{ROZMAITOSC}{section.4}% 16
\BOOKMARK [2][-]{subsection.4.3}{PRZESTRZEN SCIAGALNA}{section.4}% 17
\BOOKMARK [1][-]{section.5}{PRZESTRZENIE ZUPE\225NE}{}% 18
\BOOKMARK [2][-]{subsection.5.1}{CIAG CAUCHY'EGO}{section.5}% 19
\BOOKMARK [2][-]{subsection.5.2}{TWIERDZENIE BANACHA}{section.5}% 20
\BOOKMARK [2][-]{subsection.5.3}{TWIERDZENIE CANTORA}{section.5}% 21
\BOOKMARK [2][-]{subsection.5.4}{TWIERDZENIE BARE'A}{section.5}% 22
\BOOKMARK [1][-]{section.6}{ZBI\323R DEFINICJI}{}% 23
